<?xml version="1.0" encoding="UTF-8"?>
<!-- Generated by org.testng.reporters.JUnitReportReporter -->
<testsuite hostname="LAPTOP-Q331HIO5" failures="0" tests="3" name="selenium.Tests.SubmitFormTest" time="156.598" errors="0" timestamp="2023-05-07T20:02:44 IST" skipped="0">
  <testcase classname="selenium.Tests.SubmitFormTest" name="submitASForm" time="76.320"/>
  <system-out/>
  <testcase classname="selenium.Tests.SubmitFormTest" name="submitASForm" time="39.794"/>
  <system-out/>
  <testcase classname="selenium.Tests.SubmitFormTest" name="submitASForm" time="40.484"/>
  <system-out/>
</testsuite> <!-- selenium.Tests.SubmitFormTest -->
